Using pre-set license
Built from '2022.3/staging' branch; Version is '2022.3.6f1 (b9e6e7e9fa2d) revision 12183271'; Using compiler version '192829333'; Build Type 'Release'
OS: 'Windows 10  (10.0.19045) 64bit Professional' Language: 'en' Physical Memory: 16248 MB
BatchMode: 1, IsHumanControllingUs: 0, StartBugReporterOnCrash: 0, Is64bit: 1, IsPro: 1

COMMAND LINE ARGUMENTS:
C:\Program Files\Unity\Hub\Editor\2022.3.6f1\Editor\Unity.exe
-adb2
-batchMode
-noUpm
-name
AssetImportWorker1
-projectPath
C:/Users/alecramo/Unity Projects/Dean/unityvrproject
-logFile
Logs/AssetImportWorker1.log
-srvPort
59237
Successfully changed project path to: C:/Users/alecramo/Unity Projects/Dean/unityvrproject
C:/Users/alecramo/Unity Projects/Dean/unityvrproject
[UnityMemory] Configuration Parameters - Can be set up in boot.config
    "memorysetup-bucket-allocator-granularity=16"
    "memorysetup-bucket-allocator-bucket-count=8"
    "memorysetup-bucket-allocator-block-size=33554432"
    "memorysetup-bucket-allocator-block-count=8"
    "memorysetup-main-allocator-block-size=16777216"
    "memorysetup-thread-allocator-block-size=16777216"
    "memorysetup-gfx-main-allocator-block-size=16777216"
    "memorysetup-gfx-thread-allocator-block-size=16777216"
    "memorysetup-cache-allocator-block-size=4194304"
    "memorysetup-typetree-allocator-block-size=2097152"
    "memorysetup-profiler-bucket-allocator-granularity=16"
    "memorysetup-profiler-bucket-allocator-bucket-count=8"
    "memorysetup-profiler-bucket-allocator-block-size=33554432"
    "memorysetup-profiler-bucket-allocator-block-count=8"
    "memorysetup-profiler-allocator-block-size=16777216"
    "memorysetup-profiler-editor-allocator-block-size=1048576"
    "memorysetup-temp-allocator-size-main=16777216"
    "memorysetup-job-temp-allocator-block-size=2097152"
    "memorysetup-job-temp-allocator-block-size-background=1048576"
    "memorysetup-job-temp-allocator-reduction-small-platforms=262144"
    "memorysetup-allocator-temp-initial-block-size-main=262144"
    "memorysetup-allocator-temp-initial-block-size-worker=262144"
    "memorysetup-temp-allocator-size-background-worker=32768"
    "memorysetup-temp-allocator-size-job-worker=262144"
    "memorysetup-temp-allocator-size-preload-manager=33554432"
    "memorysetup-temp-allocator-size-nav-mesh-worker=65536"
    "memorysetup-temp-allocator-size-audio-worker=65536"
    "memorysetup-temp-allocator-size-cloud-worker=32768"
    "memorysetup-temp-allocator-size-gi-baking-worker=262144"
    "memorysetup-temp-allocator-size-gfx=262144"
Player connection [24444] Host "[IP] 10.100.64.58 [Port] 0 [Flags] 2 [Guid] 3490147578 [EditorId] 3490147578 [Version] 1048832 [Id] WindowsEditor(7,mediaaramos) [Debug] 1 [PackageName] WindowsEditor [ProjectName] Editor" joined multi-casting on [225.0.0.222:54997]...

Player connection [24444] Host "[IP] 10.100.64.58 [Port] 0 [Flags] 2 [Guid] 3490147578 [EditorId] 3490147578 [Version] 1048832 [Id] WindowsEditor(7,mediaaramos) [Debug] 1 [PackageName] WindowsEditor [ProjectName] Editor" joined alternative multi-casting on [225.0.0.222:34997]...

Refreshing native plugins compatible for Editor in 61.70 ms, found 16 plugins.
Preloading 1 native plugins for Editor in 1.19 ms.
Initialize engine version: 2022.3.6f1 (b9e6e7e9fa2d)
[Subsystems] Discovering subsystems at path C:/Program Files/Unity/Hub/Editor/2022.3.6f1/Editor/Data/Resources/UnitySubsystems
[Subsystems] Discovering subsystems at path C:/Users/alecramo/Unity Projects/Dean/unityvrproject/Assets
GfxDevice: creating device client; threaded=0; jobified=0
Direct3D:
    Version:  Direct3D 11.0 [level 11.1]
    Renderer: NVIDIA GeForce GTX 1650 SUPER (ID=0x2187)
    Vendor:   NVIDIA
    VRAM:     3943 MB
    Driver:   31.0.15.3667
Initialize mono
Mono path[0] = 'C:/Program Files/Unity/Hub/Editor/2022.3.6f1/Editor/Data/Managed'
Mono path[1] = 'C:/Program Files/Unity/Hub/Editor/2022.3.6f1/Editor/Data/MonoBleedingEdge/lib/mono/unityjit-win32'
Mono config path = 'C:/Program Files/Unity/Hub/Editor/2022.3.6f1/Editor/Data/MonoBleedingEdge/etc'
Using monoOptions --debugger-agent=transport=dt_socket,embedding=1,server=y,suspend=n,address=127.0.0.1:56812
Begin MonoManager ReloadAssembly
Registering precompiled unity dll's ...
Register platform support module: C:/Program Files/Unity/Hub/Editor/2022.3.6f1/Editor/Data/PlaybackEngines/AndroidPlayer/UnityEditor.Android.Extensions.dll
Register platform support module: C:/Program Files/Unity/Hub/Editor/2022.3.6f1/Editor/Data/PlaybackEngines/WindowsStandaloneSupport/UnityEditor.WindowsStandalone.Extensions.dll
Registered in 0.014926 seconds.
- Loaded All Assemblies, in  0.415 seconds
Native extension for WindowsStandalone target not found
Native extension for Android target not found
Android Extension - Scanning For ADB Devices 1311 ms
Mono: successfully reloaded assembly
- Finished resetting the current domain, in  1.665 seconds
Domain Reload Profiling: 2077ms
	BeginReloadAssembly (118ms)
		ExecutionOrderSort (0ms)
		DisableScriptedObjects (0ms)
		BackupInstance (0ms)
		ReleaseScriptingObjects (0ms)
		CreateAndSetChildDomain (1ms)
	RebuildCommonClasses (38ms)
	RebuildNativeTypeToScriptingClass (11ms)
	initialDomainReloadingComplete (76ms)
	LoadAllAssembliesAndSetupDomain (168ms)
		LoadAssemblies (116ms)
		RebuildTransferFunctionScriptingTraits (0ms)
		AnalyzeDomain (159ms)
			TypeCache.Refresh (159ms)
				TypeCache.ScanAssembly (145ms)
			ScanForSourceGeneratedMonoScriptInfo (0ms)
			ResolveRequiredComponents (0ms)
	FinalizeReload (1665ms)
		ReleaseScriptCaches (0ms)
		RebuildScriptCaches (0ms)
		SetupLoadedEditorAssemblies (1605ms)
			LogAssemblyErrors (0ms)
			InitializePlatformSupportModulesInManaged (1448ms)
			SetLoadedEditorAssemblies (3ms)
			RefreshPlugins (0ms)
			BeforeProcessingInitializeOnLoad (2ms)
			ProcessInitializeOnLoadAttributes (103ms)
			ProcessInitializeOnLoadMethodAttributes (48ms)
			AfterProcessingInitializeOnLoad (0ms)
			EditorAssembliesLoaded (0ms)
		ExecutionOrderSort2 (0ms)
		AwakeInstancesAfterBackupRestoration (0ms)
========================================================================
Worker process is ready to serve import requests
Begin MonoManager ReloadAssembly
Symbol file LoadedFromMemory doesn't match image C:\Users\alecramo\Unity Projects\Dean\unityvrproject\Library\PackageCache\com.unity.visualscripting@1.8.0\Editor\VisualScripting.Core\Dependencies\YamlDotNet\Unity.VisualScripting.YamlDotNet.dll
Symbol file LoadedFromMemory doesn't match image C:\Users\alecramo\Unity Projects\Dean\unityvrproject\Library\PackageCache\com.unity.visualscripting@1.8.0\Editor\VisualScripting.Core\Dependencies\DotNetZip\Unity.VisualScripting.IonicZip.dll
- Loaded All Assemblies, in  1.065 seconds
Refreshing native plugins compatible for Editor in 40.24 ms, found 16 plugins.
Native extension for WindowsStandalone target not found
Native extension for Android target not found
Package Manager log level set to [2]
[Package Manager] Server::EnsureServerProcessIsRunning -- launch failed, reason: Unity was launched with the -noUpm command-line argument
[Package Manager] UpmClient::Send -- Unable to send message (not connected to UPM process).
[Package Manager] Cannot connect to Unity Package Manager local server
System.Reflection.TargetInvocationException: Exception has been thrown by the target of an invocation. ---> System.NullReferenceException: Object reference not set to an instance of an object
  at Unity.XR.Oculus.OculusLoader.AssetPathToAbsolutePath (System.String assetPath) [0x0003d] in .\Library\PackageCache\com.unity.xr.oculus@4.0.0\Runtime\OculusLoader.cs:282 
  at Unity.XR.Oculus.OculusLoader.EditorLoadOVRPlugin () [0x0007b] in .\Library\PackageCache\com.unity.xr.oculus@4.0.0\Runtime\OculusLoader.cs:267 
  at (wrapper managed-to-native) System.Reflection.RuntimeMethodInfo.InternalInvoke(System.Reflection.RuntimeMethodInfo,object,object[],System.Exception&)
  at System.Reflection.RuntimeMethodInfo.Invoke (System.Object obj, System.Reflection.BindingFlags invokeAttr, System.Reflection.Binder binder, System.Object[] parameters, System.Globalization.CultureInfo culture) [0x0006a] in <eef08f56e2e042f1b3027eca477293d9>:0 
   --- End of inner exception stack trace ---
  at System.Reflection.RuntimeMethodInfo.Invoke (System.Object obj, System.Reflection.BindingFlags invokeAttr, System.Reflection.Binder binder, System.Object[] parameters, System.Globalization.CultureInfo culture) [0x00083] in <eef08f56e2e042f1b3027eca477293d9>:0 
  at System.Reflection.MethodBase.Invoke (System.Object obj, System.Object[] parameters) [0x00000] in <eef08f56e2e042f1b3027eca477293d9>:0 
  at UnityEditor.EditorAssemblies.ProcessInitializeOnLoadMethodAttributes () [0x000a5] in <347e3e2bef8c4deb82c9790c6e198135>:0 
UnityEngine.StackTraceUtility:ExtractStackTrace ()
UnityEngine.DebugLogHandler:LogFormat (UnityEngine.LogType,UnityEngine.Object,string,object[])
UnityEngine.Logger:Log (UnityEngine.LogType,object)
UnityEngine.Debug:LogError (object)
UnityEditor.EditorAssemblies:ProcessInitializeOnLoadMethodAttributes ()

Mono: successfully reloaded assembly
[Package Manager] Server::EnsureServerProcessIsRunning -- launch failed, reason: Unity was launched with the -noUpm command-line argument
[Package Manager] UpmClient::Send -- Unable to send message (not connected to UPM process).
[Package Manager] Cannot connect to Unity Package Manager local server
[Package Manager] Server::EnsureServerProcessIsRunning -- launch failed, reason: Unity was launched with the -noUpm command-line argument
[Package Manager] UpmClient::Send -- Unable to send message (not connected to UPM process).
[Package Manager] Cannot connect to Unity Package Manager local server
- Finished resetting the current domain, in  0.764 seconds
Domain Reload Profiling: 1823ms
	BeginReloadAssembly (177ms)
		ExecutionOrderSort (0ms)
		DisableScriptedObjects (6ms)
		BackupInstance (0ms)
		ReleaseScriptingObjects (0ms)
		CreateAndSetChildDomain (24ms)
	RebuildCommonClasses (41ms)
	RebuildNativeTypeToScriptingClass (11ms)
	initialDomainReloadingComplete (55ms)
	LoadAllAssembliesAndSetupDomain (776ms)
		LoadAssemblies (461ms)
		RebuildTransferFunctionScriptingTraits (0ms)
		AnalyzeDomain (407ms)
			TypeCache.Refresh (372ms)
				TypeCache.ScanAssembly (354ms)
			ScanForSourceGeneratedMonoScriptInfo (27ms)
			ResolveRequiredComponents (7ms)
	FinalizeReload (764ms)
		ReleaseScriptCaches (0ms)
		RebuildScriptCaches (0ms)
		SetupLoadedEditorAssemblies (552ms)
			LogAssemblyErrors (0ms)
			InitializePlatformSupportModulesInManaged (31ms)
			SetLoadedEditorAssemblies (4ms)
			RefreshPlugins (0ms)
			BeforeProcessingInitializeOnLoad (102ms)
			ProcessInitializeOnLoadAttributes (341ms)
			ProcessInitializeOnLoadMethodAttributes (61ms)
			AfterProcessingInitializeOnLoad (12ms)
			EditorAssembliesLoaded (0ms)
		ExecutionOrderSort2 (0ms)
		AwakeInstancesAfterBackupRestoration (7ms)
Launched and connected shader compiler UnityShaderCompiler.exe after 0.17 seconds
Refreshing native plugins compatible for Editor in 43.88 ms, found 16 plugins.
Preloading 1 native plugins for Editor in 0.11 ms.
Unloading 4635 Unused Serialized files (Serialized files now loaded: 0)
Unloading 131 unused Assets / (1.3 MB). Loaded Objects now: 5060.
Memory consumption went from 176.3 MB to 175.0 MB.
Total: 3.817500 ms (FindLiveObjects: 0.477600 ms CreateObjectMapping: 0.343700 ms MarkObjects: 2.618300 ms  DeleteObjects: 0.377200 ms)

AssetImportParameters requested are different than current active one (requested -> active):
  custom:container-demuxer-ogg: 62fdf1f143b41e24485cea50d1cbac27 -> 
  custom:video-decoder-ogg-theora: a1e56fd34408186e4bbccfd4996cb3dc -> 
  custom:framework-win-MediaFoundation: 216162199b28c13a410421893ffa2e32 -> 
  custom:CustomObjectIndexerAttribute: 756ad292c208cfabdd7b50bc23989ffe -> 
  custom:container-demuxer-webm: 4f35f7cbe854078d1ac9338744f61a02 -> 
  custom:container-muxer-webm: aa71ff27fc2769a1b78a27578f13a17b -> 
  custom:video-decoder-webm-vp8: 9c59270c3fd7afecdb556c50c9e8de78 -> 
  custom:SearchIndexIgnoredProperties: e643bd26f0fe6173181afceb89e7c659 -> 
  custom:AudioImporter_EditorPlatform: d09bf68614088b80899f8185d706f6e7 -> 
  custom:video-encoder-webm-vp8: eb34c28f22e8b96e1ab97ce403110664 -> 
  custom:audio-decoder-ogg-vorbis: bf7c407c2cedff20999df2af8eb42d56 -> 
  custom:audio-encoder-webm-vorbis: bf7c407c2cedff20999df2af8eb42d56 -> 
========================================================================
Received Import Request.
  Time since last request: 684664.552973 seconds.
  path: Assets/Fireworks/Battery/Material/Battery texture.mat
  artifactKey: Guid(8a2be7321578f9e4bbac96e346289f9e) Importer(815301076,1909f56bfc062723c751e8b465ee728b)
Start importing Assets/Fireworks/Battery/Material/Battery texture.mat using Guid(8a2be7321578f9e4bbac96e346289f9e) Importer(815301076,1909f56bfc062723c751e8b465ee728b)  -> (artifact id: 'b76358bbccf6dfa7b695396a2d43c7ff') in 0.091037 seconds
Number of updated asset objects reloaded before import = 0
Number of asset objects unloaded after import = 2
========================================================================
Received Import Request.
  Time since last request: 0.000025 seconds.
  path: Assets/Fireworks/Rocket 2/Materials/Fireworks tail 2.mat
  artifactKey: Guid(1723c950f7b2ae348bad6cd4a052767b) Importer(815301076,1909f56bfc062723c751e8b465ee728b)
Start importing Assets/Fireworks/Rocket 2/Materials/Fireworks tail 2.mat using Guid(1723c950f7b2ae348bad6cd4a052767b) Importer(815301076,1909f56bfc062723c751e8b465ee728b)  -> (artifact id: '1a058833f2f6de79c6bc519c56bf559e') in 0.008139 seconds
Number of updated asset objects reloaded before import = 0
Number of asset objects unloaded after import = 2
========================================================================
Received Import Request.
  Time since last request: 0.000013 seconds.
  path: Assets/Fireworks/Rocket 5/Materials/Explosion.mat
  artifactKey: Guid(c01d89747814bc649b6db673a2938aaa) Importer(815301076,1909f56bfc062723c751e8b465ee728b)
Start importing Assets/Fireworks/Rocket 5/Materials/Explosion.mat using Guid(c01d89747814bc649b6db673a2938aaa) Importer(815301076,1909f56bfc062723c751e8b465ee728b)  -> (artifact id: '80519181eae02c78c10ebd55d85b4ca8') in 0.008113 seconds
Number of updated asset objects reloaded before import = 0
Number of asset objects unloaded after import = 2
========================================================================
Received Import Request.
  Time since last request: 0.000013 seconds.
  path: Assets/Fireworks/Firecracker 1/Model/Materials/defaultMat.mat
  artifactKey: Guid(9007c3500504f7c43b48310eda0bfd2a) Importer(815301076,1909f56bfc062723c751e8b465ee728b)
Start importing Assets/Fireworks/Firecracker 1/Model/Materials/defaultMat.mat using Guid(9007c3500504f7c43b48310eda0bfd2a) Importer(815301076,1909f56bfc062723c751e8b465ee728b)  -> (artifact id: '9165bcb722c51c98d8f6412a93e19afb') in 0.006901 seconds
Number of updated asset objects reloaded before import = 0
Number of asset objects unloaded after import = 1
========================================================================
Received Import Request.
  Time since last request: 0.000014 seconds.
  path: Assets/Fireworks/Rocket 4/Materials/Fireworks tail.mat
  artifactKey: Guid(0f65af387180f484bb60ea2aedd1898f) Importer(815301076,1909f56bfc062723c751e8b465ee728b)
Start importing Assets/Fireworks/Rocket 4/Materials/Fireworks tail.mat using Guid(0f65af387180f484bb60ea2aedd1898f) Importer(815301076,1909f56bfc062723c751e8b465ee728b)  -> (artifact id: '02f948f1d68603c754ce56d2861ccef0') in 0.006653 seconds
Number of updated asset objects reloaded before import = 0
Number of asset objects unloaded after import = 2
========================================================================
Received Import Request.
  Time since last request: 0.000015 seconds.
  path: Assets/Fireworks/Firecracker 1/Materials/Firecracker1 Explosion.mat
  artifactKey: Guid(43899b13d8946d048a034f9a36745db1) Importer(815301076,1909f56bfc062723c751e8b465ee728b)
Start importing Assets/Fireworks/Firecracker 1/Materials/Firecracker1 Explosion.mat using Guid(43899b13d8946d048a034f9a36745db1) Importer(815301076,1909f56bfc062723c751e8b465ee728b)  -> (artifact id: 'e78952c400837abbb119fb67ab3f8f08') in 0.010088 seconds
Number of updated asset objects reloaded before import = 0
Number of asset objects unloaded after import = 2
========================================================================
Received Import Request.
  Time since last request: 0.000013 seconds.
  path: Assets/Fireworks/Firecracker 2/Model/Materials/defaultMat.mat
  artifactKey: Guid(127b49e3f19defb4da1ba8007409db0e) Importer(815301076,1909f56bfc062723c751e8b465ee728b)
Start importing Assets/Fireworks/Firecracker 2/Model/Materials/defaultMat.mat using Guid(127b49e3f19defb4da1ba8007409db0e) Importer(815301076,1909f56bfc062723c751e8b465ee728b)  -> (artifact id: '0c8d09a6c17150b73a18ce18b55fb88e') in 0.006796 seconds
Number of updated asset objects reloaded before import = 0
Number of asset objects unloaded after import = 1
========================================================================
Received Import Request.
  Time since last request: 0.000014 seconds.
  path: Assets/Fireworks/Battery/Material/ExplosionMat.mat
  artifactKey: Guid(ddcc967f80aa9f24b80d1f8fc8edba04) Importer(815301076,1909f56bfc062723c751e8b465ee728b)
Start importing Assets/Fireworks/Battery/Material/ExplosionMat.mat using Guid(ddcc967f80aa9f24b80d1f8fc8edba04) Importer(815301076,1909f56bfc062723c751e8b465ee728b)  -> (artifact id: 'fce7d5e281fa71b9df7aa03bfc8582e6') in 0.010892 seconds
Number of updated asset objects reloaded before import = 0
Number of asset objects unloaded after import = 2
========================================================================
Received Import Request.
  Time since last request: 0.000012 seconds.
  path: Assets/Fireworks/Rocket 2/Model/Materials/defaultMat.mat
  artifactKey: Guid(d172649607a875b46b420e164e1355d3) Importer(815301076,1909f56bfc062723c751e8b465ee728b)
Start importing Assets/Fireworks/Rocket 2/Model/Materials/defaultMat.mat using Guid(d172649607a875b46b420e164e1355d3) Importer(815301076,1909f56bfc062723c751e8b465ee728b)  -> (artifact id: '0c6fc7098e07e7f748dff497d4a8b7d8') in 0.006415 seconds
Number of updated asset objects reloaded before import = 0
Number of asset objects unloaded after import = 1
========================================================================
Received Import Request.
  Time since last request: 0.000012 seconds.
  path: Assets/Fireworks/Firecracker 3/Materials/Firecracker 3 texture.mat
  artifactKey: Guid(6ac89f3247ab98e44836abe402b4d64c) Importer(815301076,1909f56bfc062723c751e8b465ee728b)
Start importing Assets/Fireworks/Firecracker 3/Materials/Firecracker 3 texture.mat using Guid(6ac89f3247ab98e44836abe402b4d64c) Importer(815301076,1909f56bfc062723c751e8b465ee728b)  -> (artifact id: '3a09fc6a4cd1c4ab491a9ad6bf060f2e') in 0.012404 seconds
Number of updated asset objects reloaded before import = 0
Number of asset objects unloaded after import = 2
========================================================================
Received Import Request.
  Time since last request: 23.531916 seconds.
  path: Assets/Fireworks/Rocket 3/Materials/Fireworks tail 3.mat
  artifactKey: Guid(0343045727573b14985380e0c0941bb0) Importer(815301076,1909f56bfc062723c751e8b465ee728b)
Start importing Assets/Fireworks/Rocket 3/Materials/Fireworks tail 3.mat using Guid(0343045727573b14985380e0c0941bb0) Importer(815301076,1909f56bfc062723c751e8b465ee728b)  -> (artifact id: 'a58b5c5285175ac3774851b243e20775') in 0.007057 seconds
Number of updated asset objects reloaded before import = 0
Number of asset objects unloaded after import = 2
========================================================================
Received Import Request.
  Time since last request: 0.000015 seconds.
  path: Assets/TextMesh Pro/Fonts/LiberationSans.ttf
  artifactKey: Guid(e3265ab4bf004d28a9537516768c1c75) Importer(815301076,1909f56bfc062723c751e8b465ee728b)
Start importing Assets/TextMesh Pro/Fonts/LiberationSans.ttf using Guid(e3265ab4bf004d28a9537516768c1c75) Importer(815301076,1909f56bfc062723c751e8b465ee728b)  -> (artifact id: '8756f7c291147a75e95d0f4a0d9e7e56') in 0.021170 seconds
Number of updated asset objects reloaded before import = 0
Number of asset objects unloaded after import = 4
========================================================================
Received Import Request.
  Time since last request: 0.027808 seconds.
  path: Assets/SkySeries Freebie/ExampleScenes/SceneObjects/Full.mat
  artifactKey: Guid(1b27a20a436b4c64b882a6f739bf91de) Importer(815301076,1909f56bfc062723c751e8b465ee728b)
Start importing Assets/SkySeries Freebie/ExampleScenes/SceneObjects/Full.mat using Guid(1b27a20a436b4c64b882a6f739bf91de) Importer(815301076,1909f56bfc062723c751e8b465ee728b)  -> (artifact id: '9bd04e2f36b67fa6a46e53c417549922') in 0.007196 seconds
Number of updated asset objects reloaded before import = 0
Number of asset objects unloaded after import = 1
========================================================================
Received Import Request.
  Time since last request: 0.000016 seconds.
  path: Assets/Fireworks/Firecracker 3/Materials/Fuse.mat
  artifactKey: Guid(4da2d6f1562c4b6479c3d2c425e77371) Importer(815301076,1909f56bfc062723c751e8b465ee728b)
Start importing Assets/Fireworks/Firecracker 3/Materials/Fuse.mat using Guid(4da2d6f1562c4b6479c3d2c425e77371) Importer(815301076,1909f56bfc062723c751e8b465ee728b)  -> (artifact id: 'eb481632c20853ae8c38e9d9c84ef6a9') in 0.010298 seconds
Number of updated asset objects reloaded before import = 0
Number of asset objects unloaded after import = 2
========================================================================
Received Prepare
Refreshing native plugins compatible for Editor in 36.02 ms, found 16 plugins.
Preloading 1 native plugins for Editor in 0.09 ms.
Unloading 12 Unused Serialized files (Serialized files now loaded: 0)
Unloading 13 unused Assets / (1.2 MB). Loaded Objects now: 5105.
Memory consumption went from 92.4 MB to 91.2 MB.
Total: 3.429000 ms (FindLiveObjects: 0.313900 ms CreateObjectMapping: 0.274800 ms MarkObjects: 2.662900 ms  DeleteObjects: 0.176800 ms)

Prepare: number of updated asset objects reloaded= 0
AssetImportParameters requested are different than current active one (requested -> active):
  custom:container-demuxer-ogg: 62fdf1f143b41e24485cea50d1cbac27 -> 
  custom:video-decoder-ogg-theora: a1e56fd34408186e4bbccfd4996cb3dc -> 
  custom:framework-win-MediaFoundation: 216162199b28c13a410421893ffa2e32 -> 
  custom:CustomObjectIndexerAttribute: 756ad292c208cfabdd7b50bc23989ffe -> 
  custom:container-demuxer-webm: 4f35f7cbe854078d1ac9338744f61a02 -> 
  custom:container-muxer-webm: aa71ff27fc2769a1b78a27578f13a17b -> 
  custom:video-decoder-webm-vp8: 9c59270c3fd7afecdb556c50c9e8de78 -> 
  custom:SearchIndexIgnoredProperties: e643bd26f0fe6173181afceb89e7c659 -> 
  custom:AudioImporter_EditorPlatform: d09bf68614088b80899f8185d706f6e7 -> 
  custom:video-encoder-webm-vp8: eb34c28f22e8b96e1ab97ce403110664 -> 
  custom:audio-decoder-ogg-vorbis: bf7c407c2cedff20999df2af8eb42d56 -> 
  custom:audio-encoder-webm-vorbis: bf7c407c2cedff20999df2af8eb42d56 -> 
========================================================================
Received Prepare
Refreshing native plugins compatible for Editor in 37.23 ms, found 16 plugins.
Preloading 1 native plugins for Editor in 0.10 ms.
Unloading 13 Unused Serialized files (Serialized files now loaded: 0)
Unloading 13 unused Assets / (1.2 MB). Loaded Objects now: 5105.
Memory consumption went from 92.7 MB to 91.4 MB.
Total: 3.684400 ms (FindLiveObjects: 0.321700 ms CreateObjectMapping: 0.312600 ms MarkObjects: 2.871600 ms  DeleteObjects: 0.177700 ms)

Prepare: number of updated asset objects reloaded= 0
AssetImportParameters requested are different than current active one (requested -> active):
  custom:container-demuxer-ogg: 62fdf1f143b41e24485cea50d1cbac27 -> 
  custom:video-decoder-ogg-theora: a1e56fd34408186e4bbccfd4996cb3dc -> 
  custom:framework-win-MediaFoundation: 216162199b28c13a410421893ffa2e32 -> 
  custom:CustomObjectIndexerAttribute: 756ad292c208cfabdd7b50bc23989ffe -> 
  custom:container-demuxer-webm: 4f35f7cbe854078d1ac9338744f61a02 -> 
  custom:container-muxer-webm: aa71ff27fc2769a1b78a27578f13a17b -> 
  custom:video-decoder-webm-vp8: 9c59270c3fd7afecdb556c50c9e8de78 -> 
  custom:SearchIndexIgnoredProperties: e643bd26f0fe6173181afceb89e7c659 -> 
  custom:AudioImporter_EditorPlatform: d09bf68614088b80899f8185d706f6e7 -> 
  custom:video-encoder-webm-vp8: eb34c28f22e8b96e1ab97ce403110664 -> 
  custom:audio-decoder-ogg-vorbis: bf7c407c2cedff20999df2af8eb42d56 -> 
  custom:audio-encoder-webm-vorbis: bf7c407c2cedff20999df2af8eb42d56 -> 
